mode: set
leetcode/binary_tree/util/util.go:14.53,15.19 1 1
leetcode/binary_tree/util/util.go:15.19,17.3 1 1
leetcode/binary_tree/util/util.go:19.2,22.32 3 1
leetcode/binary_tree/util/util.go:22.32,26.19 3 1
leetcode/binary_tree/util/util.go:26.19,29.4 2 1
leetcode/binary_tree/util/util.go:30.3,32.35 2 1
leetcode/binary_tree/util/util.go:32.35,35.4 2 1
leetcode/binary_tree/util/util.go:38.2,38.13 1 1
leetcode/linked_list/util/util.go:15.69,16.19 1 1
leetcode/linked_list/util/util.go:16.19,18.3 1 1
leetcode/linked_list/util/util.go:21.2,27.32 4 1
leetcode/linked_list/util/util.go:27.32,32.3 4 1
leetcode/linked_list/util/util.go:35.2,35.13 1 1
leetcode/linked_list/util/util.go:35.13,37.3 1 1
leetcode/linked_list/util/util.go:40.2,45.32 3 1
leetcode/linked_list/util/util.go:62.44,63.37 1 1
leetcode/linked_list/util/util.go:63.37,65.3 1 1
leetcode/linked_list/util/util.go:67.2,70.21 3 1
leetcode/linked_list/util/util.go:70.21,76.3 3 1
leetcode/linked_list/util/util.go:78.2,78.13 1 1
leetcode/string/util/util.go:3.46,5.80 1 1
leetcode/string/util/util.go:5.80,7.3 1 1
leetcode/string/util/util.go:9.2,9.14 1 1
leetcode/string/util/util.go:12.40,13.26 1 1
leetcode/string/util/util.go:13.26,15.3 1 1
leetcode/string/util/util.go:16.2,16.10 1 1
leetcode/util/util.go:3.45,4.11 1 1
leetcode/util/util.go:4.11,6.3 1 1
leetcode/util/util.go:8.2,8.10 1 1
leetcode/util/util.go:11.45,12.11 1 1
leetcode/util/util.go:12.11,14.3 1 1
leetcode/util/util.go:16.2,16.10 1 1
leetcode/util/util.go:19.42,20.11 1 1
leetcode/util/util.go:20.11,22.3 1 1
leetcode/util/util.go:24.2,24.10 1 1
